<?xml version="1.0" encoding="UTF-8"?>
<!-- Generated by org.testng.reporters.JUnitReportReporter -->
<testsuite skipped="0" hostname="DESKTOP-IQ4P7H3" name="com.MavenTestNG.BaseClass" tests="1" failures="0" timestamp="29 Dec 2018 16:04:10 GMT" time="5.721" errors="0">
  <testcase name="setup" time="5.721" classname="com.MavenTestNG.BaseClass"/>
</testsuite> <!-- com.MavenTestNG.BaseClass -->
